Started GET "/" for 127.0.0.1 at 2024-02-22 14:36:08 +0100
  [1m[36mActiveRecord::SchemaMigration Load (0.8ms)[0m  [1m[34mSELECT "schema_migrations"."version" FROM "schema_migrations" ORDER BY "schema_migrations"."version" ASC[0m
Processing by ArtworksController#index as HTML
  Rendering layout layouts/application.html.erb
  Rendering artworks/index.html.erb within layouts/application
  [1m[36mArtwork Load (1.1ms)[0m  [1m[34mSELECT "artworks".* FROM "artworks"[0m
  ↳ app/views/artworks/index.html.erb:99
  Rendered artworks/index.html.erb within layouts/application (Duration: 41.8ms | Allocations: 4154)
  Rendered layout layouts/application.html.erb (Duration: 272.1ms | Allocations: 39500)
Completed 200 OK in 316ms (Views: 259.7ms | ActiveRecord: 18.3ms | Allocations: 49364)


Started GET "/" for 127.0.0.1 at 2024-02-22 14:39:21 +0100
Processing by ArtworksController#index as HTML
  Rendering layout layouts/application.html.erb
  Rendering artworks/index.html.erb within layouts/application
  [1m[36mArtwork Load (4.0ms)[0m  [1m[34mSELECT "artworks".* FROM "artworks"[0m
  ↳ app/views/artworks/index.html.erb:155
  Rendered artworks/index.html.erb within layouts/application (Duration: 128.8ms | Allocations: 908)
  Rendered layout layouts/application.html.erb (Duration: 291.0ms | Allocations: 17035)
Completed 200 OK in 342ms (Views: 294.2ms | ActiveRecord: 3.9ms | Allocations: 18771)


Started GET "/children/new" for 127.0.0.1 at 2024-02-22 14:40:31 +0100
Processing by ChildrenController#new as HTML
  Rendering layout layouts/application.html.erb
  Rendering children/new.html.erb within layouts/application
  Rendered children/_form.html.erb (Duration: 103.9ms | Allocations: 3178)
  Rendered children/new.html.erb within layouts/application (Duration: 109.3ms | Allocations: 3504)
  Rendered layout layouts/application.html.erb (Duration: 138.6ms | Allocations: 4673)
Completed 200 OK in 610ms (Views: 172.3ms | ActiveRecord: 30.1ms | Allocations: 18404)


Started GET "/artworks/new" for 127.0.0.1 at 2024-02-22 14:40:32 +0100
Processing by ArtworksController#new as HTML
  Rendering layout layouts/application.html.erb
  Rendering artworks/new.html.erb within layouts/application
  Rendered artworks/_form.html.erb (Duration: 67.1ms | Allocations: 2127)
  Rendered artworks/new.html.erb within layouts/application (Duration: 103.4ms | Allocations: 2412)
  Rendered layout layouts/application.html.erb (Duration: 163.2ms | Allocations: 3585)
Completed 200 OK in 600ms (Views: 175.6ms | ActiveRecord: 8.8ms | Allocations: 11273)


Started GET "/children/new" for 127.0.0.1 at 2024-02-22 14:40:51 +0100
Processing by ChildrenController#new as HTML
  Rendering layout layouts/application.html.erb
  Rendering children/new.html.erb within layouts/application
  Rendered children/_form.html.erb (Duration: 60.0ms | Allocations: 1413)
  Rendered children/new.html.erb within layouts/application (Duration: 67.3ms | Allocations: 1492)
  Rendered layout layouts/application.html.erb (Duration: 94.8ms | Allocations: 2648)
Completed 200 OK in 140ms (Views: 139.5ms | ActiveRecord: 0.0ms | Allocations: 2919)


Started GET "/artworks/new" for 127.0.0.1 at 2024-02-22 14:40:56 +0100
Processing by ArtworksController#new as HTML
  Rendering layout layouts/application.html.erb
  Rendering artworks/new.html.erb within layouts/application
  Rendered artworks/_form.html.erb (Duration: 25.6ms | Allocations: 1235)
  Rendered artworks/new.html.erb within layouts/application (Duration: 42.7ms | Allocations: 1314)
  Rendered layout layouts/application.html.erb (Duration: 120.3ms | Allocations: 2473)
Completed 200 OK in 157ms (Views: 156.2ms | ActiveRecord: 0.0ms | Allocations: 2736)


Started GET "/children/new" for 127.0.0.1 at 2024-02-22 14:40:57 +0100
Processing by ChildrenController#new as HTML
  Rendering layout layouts/application.html.erb
  Rendering children/new.html.erb within layouts/application
  Rendered children/_form.html.erb (Duration: 3.5ms | Allocations: 1437)
  Rendered children/new.html.erb within layouts/application (Duration: 41.9ms | Allocations: 1516)
  Rendered layout layouts/application.html.erb (Duration: 88.7ms | Allocations: 2672)
Completed 200 OK in 109ms (Views: 108.2ms | ActiveRecord: 0.0ms | Allocations: 2943)


Started GET "/artworks/new" for 127.0.0.1 at 2024-02-22 14:41:02 +0100
Processing by ArtworksController#new as HTML
  Rendering layout layouts/application.html.erb
  Rendering artworks/new.html.erb within layouts/application
  Rendered artworks/_form.html.erb (Duration: 70.9ms | Allocations: 1250)
  Rendered artworks/new.html.erb within layouts/application (Duration: 95.3ms | Allocations: 1329)
  Rendered layout layouts/application.html.erb (Duration: 165.6ms | Allocations: 2486)
Completed 200 OK in 221ms (Views: 220.1ms | ActiveRecord: 0.0ms | Allocations: 2749)


Started GET "/children/new" for 127.0.0.1 at 2024-02-22 14:41:03 +0100
Processing by ChildrenController#new as HTML
  Rendering layout layouts/application.html.erb
  Rendering children/new.html.erb within layouts/application
  Rendered children/_form.html.erb (Duration: 48.2ms | Allocations: 1407)
  Rendered children/new.html.erb within layouts/application (Duration: 64.0ms | Allocations: 1486)
  Rendered layout layouts/application.html.erb (Duration: 96.9ms | Allocations: 2642)
Completed 200 OK in 131ms (Views: 130.8ms | ActiveRecord: 0.0ms | Allocations: 2909)


Started GET "/artworks/new" for 127.0.0.1 at 2024-02-22 14:41:06 +0100
Processing by ArtworksController#new as HTML
  Rendering layout layouts/application.html.erb
  Rendering artworks/new.html.erb within layouts/application
  Rendered artworks/_form.html.erb (Duration: 6.7ms | Allocations: 1244)
  Rendered artworks/new.html.erb within layouts/application (Duration: 8.0ms | Allocations: 1323)
  Rendered layout layouts/application.html.erb (Duration: 33.0ms | Allocations: 2511)
Completed 200 OK in 35ms (Views: 34.1ms | ActiveRecord: 0.0ms | Allocations: 2775)


Started GET "/" for 127.0.0.1 at 2024-02-22 14:41:06 +0100
Processing by ArtworksController#index as HTML
  Rendering layout layouts/application.html.erb
  Rendering artworks/index.html.erb within layouts/application
  [1m[36mArtwork Load (0.4ms)[0m  [1m[34mSELECT "artworks".* FROM "artworks"[0m
  ↳ app/views/artworks/index.html.erb:155
  Rendered artworks/index.html.erb within layouts/application (Duration: 2.3ms | Allocations: 456)
  Rendered layout layouts/application.html.erb (Duration: 9.4ms | Allocations: 1800)
Completed 200 OK in 11ms (Views: 10.2ms | ActiveRecord: 0.4ms | Allocations: 2056)


Started GET "/artworks/new" for 127.0.0.1 at 2024-02-22 14:41:07 +0100
Processing by ArtworksController#new as HTML
  Rendering layout layouts/application.html.erb
  Rendering artworks/new.html.erb within layouts/application
  Rendered artworks/_form.html.erb (Duration: 33.0ms | Allocations: 1241)
  Rendered artworks/new.html.erb within layouts/application (Duration: 34.0ms | Allocations: 1320)
  Rendered layout layouts/application.html.erb (Duration: 76.1ms | Allocations: 2476)
Completed 200 OK in 99ms (Views: 98.2ms | ActiveRecord: 0.0ms | Allocations: 2739)


Started GET "/children/new" for 127.0.0.1 at 2024-02-22 14:41:09 +0100
Processing by ChildrenController#new as HTML
  Rendering layout layouts/application.html.erb
  Rendering children/new.html.erb within layouts/application
  Rendered children/_form.html.erb (Duration: 44.8ms | Allocations: 1410)
  Rendered children/new.html.erb within layouts/application (Duration: 50.5ms | Allocations: 1490)
  Rendered layout layouts/application.html.erb (Duration: 76.7ms | Allocations: 2649)
Completed 200 OK in 115ms (Views: 114.2ms | ActiveRecord: 0.0ms | Allocations: 2913)


Started POST "/children" for 127.0.0.1 at 2024-02-22 14:43:54 +0100
Processing by ChildrenController#create as TURBO_STREAM
  Parameters: {"authenticity_token"=>"[FILTERED]", "child"=>{"picture"=>"https://cdn.midjourney.com/5fb84608-53d3-4cfc-aefe-6278a9db9b49/0_0.png \n", "name"=>"Dane", "firstname"=>"Dorothée", "age"=>"3", "country"=>"France", "city"=>"Marseille"}, "commit"=>"Create Child"}
  [1m[36mTRANSACTION (0.2ms)[0m  [1m[35mBEGIN[0m
  ↳ app/controllers/children_controller.rb:27:in `block in create'
  [1m[36mChild Create (8.0ms)[0m  [1m[32mINSERT INTO "children" ("picture", "name", "firstname", "age", "country", "city", "created_at", "updated_at") VALUES ($1, $2, $3, $4, $5, $6, $7, $8) RETURNING "id"[0m  [["picture", "https://cdn.midjourney.com/5fb84608-53d3-4cfc-aefe-6278a9db9b49/0_0.png \n"], ["name", "Dane"], ["firstname", "Dorothée"], ["age", 3], ["country", "France"], ["city", "Marseille"], ["created_at", "2024-02-22 13:43:54.873230"], ["updated_at", "2024-02-22 13:43:54.873230"]]
  ↳ app/controllers/children_controller.rb:27:in `block in create'
  [1m[36mTRANSACTION (2.2ms)[0m  [1m[35mCOMMIT[0m
  ↳ app/controllers/children_controller.rb:27:in `block in create'
Redirected to http://localhost:3000/children/1
Completed 302 Found in 35ms (ActiveRecord: 10.1ms | Allocations: 3606)


Started GET "/children/1" for 127.0.0.1 at 2024-02-22 14:43:54 +0100
Processing by ChildrenController#show as TURBO_STREAM
  Parameters: {"id"=>"1"}
  [1m[36mChild Load (0.3ms)[0m  [1m[34mSELECT "children".* FROM "children" WHERE "children"."id" = $1 LIMIT $2[0m  [["id", 1], ["LIMIT", 1]]
  ↳ app/controllers/children_controller.rb:63:in `set_child'
  Rendering layout layouts/application.html.erb
  Rendering children/show.html.erb within layouts/application
  Rendered children/_child.html.erb (Duration: 1.6ms | Allocations: 283)
  Rendered children/show.html.erb within layouts/application (Duration: 19.9ms | Allocations: 1353)
  Rendered layout layouts/application.html.erb (Duration: 24.2ms | Allocations: 2505)
Completed 200 OK in 38ms (Views: 25.4ms | ActiveRecord: 0.4ms | Allocations: 5250)


Started GET "/children/new" for 127.0.0.1 at 2024-02-22 14:44:00 +0100
Processing by ChildrenController#new as HTML
  Rendering layout layouts/application.html.erb
  Rendering children/new.html.erb within layouts/application
  Rendered children/_form.html.erb (Duration: 62.0ms | Allocations: 1410)
  Rendered children/new.html.erb within layouts/application (Duration: 62.6ms | Allocations: 1489)
  Rendered layout layouts/application.html.erb (Duration: 69.7ms | Allocations: 2662)
Completed 200 OK in 100ms (Views: 98.8ms | ActiveRecord: 0.0ms | Allocations: 2927)


Started GET "/children/new" for 127.0.0.1 at 2024-02-22 14:44:06 +0100
Processing by ChildrenController#new as HTML
  Rendering layout layouts/application.html.erb
  Rendering children/new.html.erb within layouts/application
  Rendered children/_form.html.erb (Duration: 6.1ms | Allocations: 1401)
  Rendered children/new.html.erb within layouts/application (Duration: 14.7ms | Allocations: 1480)
  Rendered layout layouts/application.html.erb (Duration: 21.0ms | Allocations: 2653)
Completed 200 OK in 25ms (Views: 24.1ms | ActiveRecord: 0.0ms | Allocations: 2918)


Started GET "/artworks/new" for 127.0.0.1 at 2024-02-22 14:44:06 +0100
Processing by ArtworksController#new as HTML
  Rendering layout layouts/application.html.erb
  Rendering artworks/new.html.erb within layouts/application
  Rendered artworks/_form.html.erb (Duration: 3.8ms | Allocations: 1262)
  Rendered artworks/new.html.erb within layouts/application (Duration: 4.5ms | Allocations: 1341)
  Rendered layout layouts/application.html.erb (Duration: 8.4ms | Allocations: 2497)
Completed 200 OK in 14ms (Views: 13.0ms | ActiveRecord: 0.0ms | Allocations: 2760)


Started POST "/artworks" for 127.0.0.1 at 2024-02-22 14:44:36 +0100
Processing by ArtworksController#create as TURBO_STREAM
  Parameters: {"authenticity_token"=>"[FILTERED]", "artwork"=>{"paint"=>"https://cdn.midjourney.com/5fb84608-53d3-4cfc-aefe-6278a9db9b49/0_0.png \n", "title"=>"Art joli", "author"=>"Dorothée", "date"=>"2024-02-22", "description"=>"C'est mon dessin !!!"}, "commit"=>"Create Artwork"}
  [1m[36mTRANSACTION (0.6ms)[0m  [1m[35mBEGIN[0m
  ↳ app/controllers/artworks_controller.rb:27:in `block in create'
  [1m[36mArtwork Create (5.0ms)[0m  [1m[32mINSERT INTO "artworks" ("paint", "title", "author", "date", "description", "created_at", "updated_at") VALUES ($1, $2, $3, $4, $5, $6, $7) RETURNING "id"[0m  [["paint", "https://cdn.midjourney.com/5fb84608-53d3-4cfc-aefe-6278a9db9b49/0_0.png \n"], ["title", "Art joli"], ["author", "Dorothée"], ["date", "2024-02-22"], ["description", "C'est mon dessin !!!"], ["created_at", "2024-02-22 13:44:36.079192"], ["updated_at", "2024-02-22 13:44:36.079192"]]
  ↳ app/controllers/artworks_controller.rb:27:in `block in create'
  [1m[36mTRANSACTION (1.4ms)[0m  [1m[35mCOMMIT[0m
  ↳ app/controllers/artworks_controller.rb:27:in `block in create'
Redirected to http://localhost:3000/artworks/1
Completed 302 Found in 21ms (ActiveRecord: 7.0ms | Allocations: 2238)


Started GET "/artworks/1" for 127.0.0.1 at 2024-02-22 14:44:36 +0100
Processing by ArtworksController#show as TURBO_STREAM
  Parameters: {"id"=>"1"}
  [1m[36mArtwork Load (0.9ms)[0m  [1m[34mSELECT "artworks".* FROM "artworks" WHERE "artworks"."id" = $1 LIMIT $2[0m  [["id", 1], ["LIMIT", 1]]
  ↳ app/controllers/artworks_controller.rb:63:in `set_artwork'
  Rendering layout layouts/application.html.erb
  Rendering artworks/show.html.erb within layouts/application
  Rendered artworks/_artwork.html.erb (Duration: 2.0ms | Allocations: 254)
  Rendered artworks/show.html.erb within layouts/application (Duration: 4.8ms | Allocations: 1018)
  Rendered layout layouts/application.html.erb (Duration: 18.9ms | Allocations: 2173)
Completed 200 OK in 32ms (Views: 20.4ms | ActiveRecord: 0.9ms | Allocations: 3564)


Started GET "/artworks/1/edit" for 127.0.0.1 at 2024-02-22 14:44:38 +0100
Processing by ArtworksController#edit as HTML
  Parameters: {"id"=>"1"}
  [1m[36mArtwork Load (0.5ms)[0m  [1m[34mSELECT "artworks".* FROM "artworks" WHERE "artworks"."id" = $1 LIMIT $2[0m  [["id", 1], ["LIMIT", 1]]
  ↳ app/controllers/artworks_controller.rb:63:in `set_artwork'
  Rendering layout layouts/application.html.erb
  Rendering artworks/edit.html.erb within layouts/application
  Rendered artworks/_form.html.erb (Duration: 6.0ms | Allocations: 1324)
  Rendered artworks/edit.html.erb within layouts/application (Duration: 8.3ms | Allocations: 1575)
  Rendered layout layouts/application.html.erb (Duration: 13.6ms | Allocations: 2727)
Completed 200 OK in 29ms (Views: 24.0ms | ActiveRecord: 0.4ms | Allocations: 3466)


Started GET "/artworks" for 127.0.0.1 at 2024-02-22 14:44:39 +0100
Processing by ArtworksController#index as HTML
  Rendering layout layouts/application.html.erb
  Rendering artworks/index.html.erb within layouts/application
  [1m[36mArtwork Load (0.6ms)[0m  [1m[34mSELECT "artworks".* FROM "artworks"[0m
  ↳ app/views/artworks/index.html.erb:155
  Rendered artworks/_artwork.html.erb (Duration: 0.8ms | Allocations: 35)
  Rendered artworks/index.html.erb within layouts/application (Duration: 4.9ms | Allocations: 605)
  Rendered layout layouts/application.html.erb (Duration: 8.7ms | Allocations: 1907)
Completed 200 OK in 12ms (Views: 11.1ms | ActiveRecord: 0.6ms | Allocations: 2161)


Started GET "/children/new" for 127.0.0.1 at 2024-02-22 14:44:41 +0100
Processing by ChildrenController#new as HTML
  Rendering layout layouts/application.html.erb
  Rendering children/new.html.erb within layouts/application
  Rendered children/_form.html.erb (Duration: 24.7ms | Allocations: 1410)
  Rendered children/new.html.erb within layouts/application (Duration: 31.9ms | Allocations: 1489)
  Rendered layout layouts/application.html.erb (Duration: 40.9ms | Allocations: 2662)
Completed 200 OK in 84ms (Views: 83.6ms | ActiveRecord: 0.0ms | Allocations: 2928)


Started GET "/artworks/1" for 127.0.0.1 at 2024-02-22 14:44:45 +0100
Processing by ArtworksController#show as HTML
  Parameters: {"id"=>"1"}
  [1m[36mArtwork Load (0.3ms)[0m  [1m[34mSELECT "artworks".* FROM "artworks" WHERE "artworks"."id" = $1 LIMIT $2[0m  [["id", 1], ["LIMIT", 1]]
  ↳ app/controllers/artworks_controller.rb:63:in `set_artwork'
  Rendering layout layouts/application.html.erb
  Rendering artworks/show.html.erb within layouts/application
  Rendered artworks/_artwork.html.erb (Duration: 0.2ms | Allocations: 35)
  Rendered artworks/show.html.erb within layouts/application (Duration: 2.2ms | Allocations: 456)
  Rendered layout layouts/application.html.erb (Duration: 5.6ms | Allocations: 1620)
Completed 200 OK in 10ms (Views: 6.9ms | ActiveRecord: 0.2ms | Allocations: 2295)


Started GET "/artworks/new" for 127.0.0.1 at 2024-02-22 14:44:48 +0100
Processing by ArtworksController#new as HTML
  Rendering layout layouts/application.html.erb
  Rendering artworks/new.html.erb within layouts/application
  Rendered artworks/_form.html.erb (Duration: 3.1ms | Allocations: 1247)
  Rendered artworks/new.html.erb within layouts/application (Duration: 30.0ms | Allocations: 1326)
  Rendered layout layouts/application.html.erb (Duration: 87.2ms | Allocations: 2482)
Completed 200 OK in 143ms (Views: 103.5ms | ActiveRecord: 0.0ms | Allocations: 2746)


Started POST "/artworks" for 127.0.0.1 at 2024-02-22 14:45:25 +0100
Processing by ArtworksController#create as TURBO_STREAM
  Parameters: {"authenticity_token"=>"[FILTERED]", "artwork"=>{"paint"=>"https://cdn.midjourney.com/5fb84608-53d3-4cfc-aefe-6278a9db9b49/0_1.png \n", "title"=>"Ouaaah", "author"=>"Titouan", "date"=>"2024-02-06", "description"=>"C mon dessin !"}, "commit"=>"Create Artwork"}
  [1m[36mTRANSACTION (0.1ms)[0m  [1m[35mBEGIN[0m
  ↳ app/controllers/artworks_controller.rb:27:in `block in create'
  [1m[36mArtwork Create (2.6ms)[0m  [1m[32mINSERT INTO "artworks" ("paint", "title", "author", "date", "description", "created_at", "updated_at") VALUES ($1, $2, $3, $4, $5, $6, $7) RETURNING "id"[0m  [["paint", "https://cdn.midjourney.com/5fb84608-53d3-4cfc-aefe-6278a9db9b49/0_1.png \n"], ["title", "Ouaaah"], ["author", "Titouan"], ["date", "2024-02-06"], ["description", "C mon dessin !"], ["created_at", "2024-02-22 13:45:25.688782"], ["updated_at", "2024-02-22 13:45:25.688782"]]
  ↳ app/controllers/artworks_controller.rb:27:in `block in create'
  [1m[36mTRANSACTION (1.1ms)[0m  [1m[35mCOMMIT[0m
  ↳ app/controllers/artworks_controller.rb:27:in `block in create'
Redirected to http://localhost:3000/artworks/2
Completed 302 Found in 16ms (ActiveRecord: 3.8ms | Allocations: 2093)


Started GET "/artworks/2" for 127.0.0.1 at 2024-02-22 14:45:25 +0100
Processing by ArtworksController#show as TURBO_STREAM
  Parameters: {"id"=>"2"}
  [1m[36mArtwork Load (0.8ms)[0m  [1m[34mSELECT "artworks".* FROM "artworks" WHERE "artworks"."id" = $1 LIMIT $2[0m  [["id", 2], ["LIMIT", 1]]
  ↳ app/controllers/artworks_controller.rb:63:in `set_artwork'
  Rendering layout layouts/application.html.erb
  Rendering artworks/show.html.erb within layouts/application
  Rendered artworks/_artwork.html.erb (Duration: 0.1ms | Allocations: 34)
  Rendered artworks/show.html.erb within layouts/application (Duration: 2.8ms | Allocations: 482)
  Rendered layout layouts/application.html.erb (Duration: 6.2ms | Allocations: 1637)
Completed 200 OK in 15ms (Views: 7.2ms | ActiveRecord: 0.8ms | Allocations: 2314)


Started GET "/children/new" for 127.0.0.1 at 2024-02-22 14:47:22 +0100
Processing by ChildrenController#new as HTML
  Rendering layout layouts/application.html.erb
  Rendering children/new.html.erb within layouts/application
  Rendered children/_form.html.erb (Duration: 5.6ms | Allocations: 1413)
  Rendered children/new.html.erb within layouts/application (Duration: 6.3ms | Allocations: 1492)
  Rendered layout layouts/application.html.erb (Duration: 9.8ms | Allocations: 2648)
Completed 200 OK in 12ms (Views: 11.0ms | ActiveRecord: 0.0ms | Allocations: 2912)


Started GET "/artworks" for 127.0.0.1 at 2024-02-22 14:47:23 +0100
Processing by ArtworksController#index as HTML
  Rendering layout layouts/application.html.erb
  Rendering artworks/index.html.erb within layouts/application
  [1m[36mArtwork Load (13.7ms)[0m  [1m[34mSELECT "artworks".* FROM "artworks"[0m
  ↳ app/views/artworks/index.html.erb:155
  Rendered artworks/_artwork.html.erb (Duration: 0.3ms | Allocations: 35)
  Rendered artworks/_artwork.html.erb (Duration: 0.2ms | Allocations: 33)
  Rendered artworks/index.html.erb within layouts/application (Duration: 32.6ms | Allocations: 746)
  Rendered layout layouts/application.html.erb (Duration: 54.6ms | Allocations: 2072)
Completed 200 OK in 79ms (Views: 64.1ms | ActiveRecord: 13.6ms | Allocations: 2326)


Started GET "/artworks/1" for 127.0.0.1 at 2024-02-22 14:47:30 +0100
Processing by ArtworksController#show as HTML
  Parameters: {"id"=>"1"}
  [1m[36mArtwork Load (0.2ms)[0m  [1m[34mSELECT "artworks".* FROM "artworks" WHERE "artworks"."id" = $1 LIMIT $2[0m  [["id", 1], ["LIMIT", 1]]
  ↳ app/controllers/artworks_controller.rb:63:in `set_artwork'
  Rendering layout layouts/application.html.erb
  Rendering artworks/show.html.erb within layouts/application
  Rendered artworks/_artwork.html.erb (Duration: 0.1ms | Allocations: 35)
  Rendered artworks/show.html.erb within layouts/application (Duration: 1.9ms | Allocations: 474)
  Rendered layout layouts/application.html.erb (Duration: 5.6ms | Allocations: 1643)
Completed 200 OK in 9ms (Views: 6.6ms | ActiveRecord: 0.2ms | Allocations: 2316)


Started GET "/artworks" for 127.0.0.1 at 2024-02-22 14:48:50 +0100
Processing by ArtworksController#index as HTML
  Rendering layout layouts/application.html.erb
  Rendering artworks/index.html.erb within layouts/application
  [1m[36mArtwork Load (0.5ms)[0m  [1m[34mSELECT "artworks".* FROM "artworks"[0m
  ↳ app/views/artworks/index.html.erb:155
  Rendered artworks/_artwork.html.erb (Duration: 1.0ms | Allocations: 315)
  Rendered artworks/_artwork.html.erb (Duration: 0.1ms | Allocations: 26)
  Rendered artworks/index.html.erb within layouts/application (Duration: 29.4ms | Allocations: 4956)
  Rendered layout layouts/application.html.erb (Duration: 85.2ms | Allocations: 20086)
Completed 200 OK in 100ms (Views: 89.8ms | ActiveRecord: 6.6ms | Allocations: 21820)


Started GET "/" for 127.0.0.1 at 2024-02-22 15:27:01 +0100
  [1m[36mActiveRecord::SchemaMigration Load (0.9ms)[0m  [1m[34mSELECT "schema_migrations"."version" FROM "schema_migrations" ORDER BY "schema_migrations"."version" ASC[0m
Processing by ArtworksController#index as HTML
  Rendering layout layouts/application.html.erb
  Rendering artworks/index.html.erb within layouts/application
  [1m[36mArtwork Load (1.9ms)[0m  [1m[34mSELECT "artworks".* FROM "artworks"[0m
  ↳ app/views/artworks/index.html.erb:155
  Rendered artworks/index.html.erb within layouts/application (Duration: 19.1ms | Allocations: 3957)
  Rendered layout layouts/application.html.erb (Duration: 373.5ms | Allocations: 102448)
Completed 200 OK in 442ms (Views: 396.1ms | ActiveRecord: 6.2ms | Allocations: 118773)


Started GET "/children/new" for 127.0.0.1 at 2024-02-22 15:30:02 +0100
Processing by ChildrenController#new as HTML
Started GET "/artworks/new" for 127.0.0.1 at 2024-02-22 15:30:02 +0100
Processing by ArtworksController#new as HTML
  Rendering layout layouts/application.html.erb
  Rendering artworks/new.html.erb within layouts/application
  Rendering layout layouts/application.html.erb
  Rendering children/new.html.erb within layouts/application
  Rendered artworks/_form.html.erb (Duration: 27.0ms | Allocations: 4980)
  Rendered artworks/new.html.erb within layouts/application (Duration: 30.4ms | Allocations: 5460)
  Rendered children/_form.html.erb (Duration: 11.6ms | Allocations: 3673)
  Rendered children/new.html.erb within layouts/application (Duration: 15.7ms | Allocations: 4374)
  Rendered layout layouts/application.html.erb (Duration: 41.7ms | Allocations: 9411)
Completed 200 OK in 156ms (Views: 42.8ms | ActiveRecord: 31.2ms | Allocations: 34751)


  Rendered layout layouts/application.html.erb (Duration: 21.4ms | Allocations: 6584)
Completed 200 OK in 202ms (Views: 26.6ms | ActiveRecord: 72.3ms | Allocations: 37627)


Started GET "/children/new" for 127.0.0.1 at 2024-02-22 15:30:02 +0100
Processing by ChildrenController#new as HTML
  Rendering layout layouts/application.html.erb
  Rendering children/new.html.erb within layouts/application
  Rendered children/_form.html.erb (Duration: 2.6ms | Allocations: 1419)
  Rendered children/new.html.erb within layouts/application (Duration: 2.9ms | Allocations: 1498)
  Rendered layout layouts/application.html.erb (Duration: 4.6ms | Allocations: 2654)
Completed 200 OK in 6ms (Views: 5.3ms | ActiveRecord: 0.0ms | Allocations: 2923)


Started GET "/children/new" for 127.0.0.1 at 2024-02-22 15:30:04 +0100
Processing by ChildrenController#new as HTML
  Rendering layout layouts/application.html.erb
  Rendering children/new.html.erb within layouts/application
  Rendered children/_form.html.erb (Duration: 2.8ms | Allocations: 1413)
  Rendered children/new.html.erb within layouts/application (Duration: 3.1ms | Allocations: 1492)
  Rendered layout layouts/application.html.erb (Duration: 6.1ms | Allocations: 2648)
Completed 200 OK in 7ms (Views: 6.7ms | ActiveRecord: 0.0ms | Allocations: 2910)


Started GET "/artworks/new" for 127.0.0.1 at 2024-02-22 15:30:04 +0100
Processing by ArtworksController#new as HTML
  Rendering layout layouts/application.html.erb
  Rendering artworks/new.html.erb within layouts/application
  Rendered artworks/_form.html.erb (Duration: 2.2ms | Allocations: 1229)
  Rendered artworks/new.html.erb within layouts/application (Duration: 2.5ms | Allocations: 1308)
  Rendered layout layouts/application.html.erb (Duration: 4.2ms | Allocations: 2464)
Completed 200 OK in 5ms (Views: 4.8ms | ActiveRecord: 0.0ms | Allocations: 2731)


Started GET "/artworks/new" for 127.0.0.1 at 2024-02-22 15:30:05 +0100
Processing by ArtworksController#new as HTML
  Rendering layout layouts/application.html.erb
  Rendering artworks/new.html.erb within layouts/application
  Rendered artworks/_form.html.erb (Duration: 2.2ms | Allocations: 1238)
  Rendered artworks/new.html.erb within layouts/application (Duration: 2.5ms | Allocations: 1317)
  Rendered layout layouts/application.html.erb (Duration: 4.4ms | Allocations: 2473)
Completed 200 OK in 5ms (Views: 5.0ms | ActiveRecord: 0.0ms | Allocations: 2734)


Started GET "/children/new" for 127.0.0.1 at 2024-02-22 15:30:05 +0100
Processing by ChildrenController#new as HTML
  Rendering layout layouts/application.html.erb
  Rendering children/new.html.erb within layouts/application
  Rendered children/_form.html.erb (Duration: 2.5ms | Allocations: 1434)
  Rendered children/new.html.erb within layouts/application (Duration: 2.8ms | Allocations: 1513)
  Rendered layout layouts/application.html.erb (Duration: 4.8ms | Allocations: 2675)
Completed 200 OK in 6ms (Views: 5.4ms | ActiveRecord: 0.0ms | Allocations: 2938)


Started GET "/children" for 127.0.0.1 at 2024-02-22 15:30:11 +0100
Processing by ChildrenController#index as HTML
  Rendering layout layouts/application.html.erb
  Rendering children/index.html.erb within layouts/application
  [1m[36mChild Load (1.3ms)[0m  [1m[34mSELECT "children".* FROM "children"[0m
  ↳ app/views/children/index.html.erb:6
  Rendered children/_child.html.erb (Duration: 0.7ms | Allocations: 293)
  Rendered children/index.html.erb within layouts/application (Duration: 7.8ms | Allocations: 1778)
  Rendered layout layouts/application.html.erb (Duration: 10.1ms | Allocations: 2940)
Completed 200 OK in 11ms (Views: 9.4ms | ActiveRecord: 1.3ms | Allocations: 3327)


Started GET "/" for 127.0.0.1 at 2024-02-22 15:31:20 +0100
Processing by ArtworksController#index as HTML
  Rendering layout layouts/application.html.erb
  Rendering artworks/index.html.erb within layouts/application
  [1m[36mArtwork Load (16.4ms)[0m  [1m[34mSELECT "artworks".* FROM "artworks"[0m
  ↳ app/views/artworks/index.html.erb:155
  Rendered artworks/index.html.erb within layouts/application (Duration: 24.6ms | Allocations: 969)
  Rendered layout layouts/application.html.erb (Duration: 83.0ms | Allocations: 18775)
Completed 200 OK in 102ms (Views: 70.7ms | ActiveRecord: 16.3ms | Allocations: 20508)


Started GET "/children" for 127.0.0.1 at 2024-02-22 15:31:29 +0100
Processing by ChildrenController#index as HTML
  Rendering layout layouts/application.html.erb
  Rendering children/index.html.erb within layouts/application
  [1m[36mChild Load (9.2ms)[0m  [1m[34mSELECT "children".* FROM "children"[0m
  ↳ app/views/children/index.html.erb:6
  Rendered children/_child.html.erb (Duration: 1.2ms | Allocations: 315)
  Rendered children/index.html.erb within layouts/application (Duration: 37.5ms | Allocations: 5174)
  Rendered layout layouts/application.html.erb (Duration: 118.6ms | Allocations: 39445)
Completed 200 OK in 127ms (Views: 100.4ms | ActiveRecord: 21.7ms | Allocations: 41082)


Started GET "/children" for 127.0.0.1 at 2024-02-22 15:32:24 +0100
Processing by ChildrenController#index as HTML
  Rendering layout layouts/application.html.erb
  Rendering children/index.html.erb within layouts/application
  [1m[36mChild Load (16.8ms)[0m  [1m[34mSELECT "children".* FROM "children"[0m
  ↳ app/views/children/index.html.erb:5
  Rendered children/_child.html.erb (Duration: 4.0ms | Allocations: 305)
  Rendered children/index.html.erb within layouts/application (Duration: 43.9ms | Allocations: 5147)
  Rendered layout layouts/application.html.erb (Duration: 75.0ms | Allocations: 20665)
Completed 200 OK in 83ms (Views: 54.5ms | ActiveRecord: 24.1ms | Allocations: 22296)


Started GET "/artworks/new" for 127.0.0.1 at 2024-02-22 15:32:41 +0100
Processing by ArtworksController#new as HTML
  Rendering layout layouts/application.html.erb
  Rendering artworks/new.html.erb within layouts/application
  Rendered artworks/_form.html.erb (Duration: 3.2ms | Allocations: 1786)
  Rendered artworks/new.html.erb within layouts/application (Duration: 4.2ms | Allocations: 2066)
  Rendered layout layouts/application.html.erb (Duration: 7.2ms | Allocations: 3818)
Completed 200 OK in 22ms (Views: 8.0ms | ActiveRecord: 2.1ms | Allocations: 8036)


Started GET "/" for 127.0.0.1 at 2024-02-22 15:32:41 +0100
Processing by ArtworksController#index as HTML
  Rendering layout layouts/application.html.erb
  Rendering artworks/index.html.erb within layouts/application
  [1m[36mArtwork Load (0.4ms)[0m  [1m[34mSELECT "artworks".* FROM "artworks"[0m
  ↳ app/views/artworks/index.html.erb:155
  Rendered artworks/index.html.erb within layouts/application (Duration: 2.9ms | Allocations: 866)
  Rendered layout layouts/application.html.erb (Duration: 6.3ms | Allocations: 2765)
Completed 200 OK in 8ms (Views: 6.4ms | ActiveRecord: 0.4ms | Allocations: 3151)


Started GET "/children/new" for 127.0.0.1 at 2024-02-22 15:32:41 +0100
Processing by ChildrenController#new as HTML
  Rendering layout layouts/application.html.erb
  Rendering children/new.html.erb within layouts/application
  Rendered children/_form.html.erb (Duration: 3.3ms | Allocations: 1909)
  Rendered children/new.html.erb within layouts/application (Duration: 4.3ms | Allocations: 2186)
  Rendered layout layouts/application.html.erb (Duration: 7.3ms | Allocations: 3914)
Completed 200 OK in 9ms (Views: 8.0ms | ActiveRecord: 0.0ms | Allocations: 4253)


Started GET "/artworks/new" for 127.0.0.1 at 2024-02-22 15:32:41 +0100
Processing by ArtworksController#new as HTML
  Rendering layout layouts/application.html.erb
  Rendering artworks/new.html.erb within layouts/application
  Rendered artworks/_form.html.erb (Duration: 11.0ms | Allocations: 1250)
  Rendered artworks/new.html.erb within layouts/application (Duration: 12.2ms | Allocations: 1334)
  Rendered layout layouts/application.html.erb (Duration: 24.9ms | Allocations: 3063)
Completed 200 OK in 30ms (Views: 28.5ms | ActiveRecord: 0.0ms | Allocations: 3332)


Started GET "/children/new" for 127.0.0.1 at 2024-02-22 15:32:42 +0100
Processing by ChildrenController#new as HTML
  Rendering layout layouts/application.html.erb
  Rendering children/new.html.erb within layouts/application
  Rendered children/_form.html.erb (Duration: 8.7ms | Allocations: 1404)
  Rendered children/new.html.erb within layouts/application (Duration: 9.1ms | Allocations: 1483)
  Rendered layout layouts/application.html.erb (Duration: 18.6ms | Allocations: 3211)
Completed 200 OK in 20ms (Views: 19.1ms | ActiveRecord: 0.0ms | Allocations: 3473)


Started GET "/children/new" for 127.0.0.1 at 2024-02-22 15:32:43 +0100
Processing by ChildrenController#new as HTML
  Rendering layout layouts/application.html.erb
  Rendering children/new.html.erb within layouts/application
  Rendered children/_form.html.erb (Duration: 22.6ms | Allocations: 1407)
  Rendered children/new.html.erb within layouts/application (Duration: 24.3ms | Allocations: 1486)
  Rendered layout layouts/application.html.erb (Duration: 27.0ms | Allocations: 3223)
Completed 200 OK in 28ms (Views: 27.5ms | ActiveRecord: 0.0ms | Allocations: 3486)


Started GET "/children/1" for 127.0.0.1 at 2024-02-22 15:32:44 +0100
Processing by ChildrenController#show as HTML
  Parameters: {"id"=>"1"}
  [1m[36mChild Load (0.5ms)[0m  [1m[34mSELECT "children".* FROM "children" WHERE "children"."id" = $1 LIMIT $2[0m  [["id", 1], ["LIMIT", 1]]
  ↳ app/controllers/children_controller.rb:63:in `set_child'
  Rendering layout layouts/application.html.erb
  Rendering children/show.html.erb within layouts/application
  Rendered children/_child.html.erb (Duration: 0.2ms | Allocations: 39)
  Rendered children/show.html.erb within layouts/application (Duration: 2.5ms | Allocations: 669)
  Rendered layout layouts/application.html.erb (Duration: 6.4ms | Allocations: 2396)
Completed 200 OK in 34ms (Views: 7.6ms | ActiveRecord: 0.8ms | Allocations: 5431)


Started GET "/" for 127.0.0.1 at 2024-02-22 15:32:46 +0100
Processing by ArtworksController#index as HTML
  Rendering layout layouts/application.html.erb
  Rendering artworks/index.html.erb within layouts/application
  [1m[36mArtwork Load (0.5ms)[0m  [1m[34mSELECT "artworks".* FROM "artworks"[0m
  ↳ app/views/artworks/index.html.erb:155
  Rendered artworks/index.html.erb within layouts/application (Duration: 1.9ms | Allocations: 448)
  Rendered layout layouts/application.html.erb (Duration: 5.8ms | Allocations: 2335)
Completed 200 OK in 7ms (Views: 6.0ms | ActiveRecord: 0.5ms | Allocations: 2587)


Started GET "/children/new" for 127.0.0.1 at 2024-02-22 15:32:47 +0100
Processing by ChildrenController#new as HTML
  Rendering layout layouts/application.html.erb
  Rendering children/new.html.erb within layouts/application
  Rendered children/_form.html.erb (Duration: 4.3ms | Allocations: 1404)
  Rendered children/new.html.erb within layouts/application (Duration: 4.8ms | Allocations: 1483)
  Rendered layout layouts/application.html.erb (Duration: 8.0ms | Allocations: 3212)
Completed 200 OK in 10ms (Views: 9.2ms | ActiveRecord: 0.0ms | Allocations: 3474)


Started GET "/artworks/new" for 127.0.0.1 at 2024-02-22 15:32:48 +0100
Processing by ArtworksController#new as HTML
  Rendering layout layouts/application.html.erb
  Rendering artworks/new.html.erb within layouts/application
  Rendered artworks/_form.html.erb (Duration: 2.7ms | Allocations: 1271)
  Rendered artworks/new.html.erb within layouts/application (Duration: 2.9ms | Allocations: 1350)
  Rendered layout layouts/application.html.erb (Duration: 5.5ms | Allocations: 3078)
Completed 200 OK in 7ms (Views: 6.0ms | ActiveRecord: 0.0ms | Allocations: 3340)


Started GET "/children/new" for 127.0.0.1 at 2024-02-22 15:32:48 +0100
Processing by ChildrenController#new as HTML
  Rendering layout layouts/application.html.erb
  Rendering children/new.html.erb within layouts/application
  Rendered children/_form.html.erb (Duration: 2.4ms | Allocations: 1419)
  Rendered children/new.html.erb within layouts/application (Duration: 2.6ms | Allocations: 1498)
  Rendered layout layouts/application.html.erb (Duration: 5.0ms | Allocations: 3226)
Completed 200 OK in 6ms (Views: 5.5ms | ActiveRecord: 0.0ms | Allocations: 3488)


Started GET "/children" for 127.0.0.1 at 2024-02-22 15:32:50 +0100
Processing by ChildrenController#index as HTML
  Rendering layout layouts/application.html.erb
  Rendering children/index.html.erb within layouts/application
  [1m[36mChild Load (0.4ms)[0m  [1m[34mSELECT "children".* FROM "children"[0m
  ↳ app/views/children/index.html.erb:5
  Rendered children/_child.html.erb (Duration: 0.1ms | Allocations: 39)
  Rendered children/index.html.erb within layouts/application (Duration: 2.2ms | Allocations: 794)
  Rendered layout layouts/application.html.erb (Duration: 13.2ms | Allocations: 2523)
Completed 200 OK in 14ms (Views: 13.6ms | ActiveRecord: 0.3ms | Allocations: 2776)


Started GET "/children" for 127.0.0.1 at 2024-02-22 15:34:00 +0100
Processing by ChildrenController#index as HTML
  Rendering layout layouts/application.html.erb
  Rendering children/index.html.erb within layouts/application
  [1m[36mChild Load (24.5ms)[0m  [1m[34mSELECT "children".* FROM "children"[0m
  ↳ app/views/children/index.html.erb:5
  Rendered children/_child.html.erb (Duration: 2.0ms | Allocations: 39)
  Rendered children/index.html.erb within layouts/application (Duration: 32.0ms | Allocations: 782)
  Rendered layout layouts/application.html.erb (Duration: 52.1ms | Allocations: 4763)
Completed 200 OK in 55ms (Views: 29.3ms | ActiveRecord: 24.5ms | Allocations: 5014)


Started GET "/children/new" for 127.0.0.1 at 2024-02-22 15:34:02 +0100
Processing by ChildrenController#new as HTML
  Rendering layout layouts/application.html.erb
  Rendering children/new.html.erb within layouts/application
  Rendered children/_form.html.erb (Duration: 2.2ms | Allocations: 1419)
  Rendered children/new.html.erb within layouts/application (Duration: 2.5ms | Allocations: 1498)
  Rendered layout layouts/application.html.erb (Duration: 5.2ms | Allocations: 3224)
Completed 200 OK in 6ms (Views: 5.8ms | ActiveRecord: 0.0ms | Allocations: 3487)


Started GET "/artworks/new" for 127.0.0.1 at 2024-02-22 15:34:04 +0100
Processing by ArtworksController#new as HTML
  Rendering layout layouts/application.html.erb
  Rendering artworks/new.html.erb within layouts/application
  Rendered artworks/_form.html.erb (Duration: 2.7ms | Allocations: 1247)
  Rendered artworks/new.html.erb within layouts/application (Duration: 2.9ms | Allocations: 1326)
  Rendered layout layouts/application.html.erb (Duration: 5.8ms | Allocations: 3053)
Completed 200 OK in 7ms (Views: 6.3ms | ActiveRecord: 0.0ms | Allocations: 3315)


Started GET "/" for 127.0.0.1 at 2024-02-22 15:34:06 +0100
Processing by ArtworksController#index as HTML
  Rendering layout layouts/application.html.erb
  Rendering artworks/index.html.erb within layouts/application
  [1m[36mArtwork Load (0.4ms)[0m  [1m[34mSELECT "artworks".* FROM "artworks"[0m
  ↳ app/views/artworks/index.html.erb:155
  Rendered artworks/index.html.erb within layouts/application (Duration: 1.7ms | Allocations: 448)
  Rendered layout layouts/application.html.erb (Duration: 4.7ms | Allocations: 2360)
Completed 200 OK in 6ms (Views: 4.8ms | ActiveRecord: 0.4ms | Allocations: 2612)


Started GET "/artworks/new" for 127.0.0.1 at 2024-02-22 15:34:06 +0100
Processing by ArtworksController#new as HTML
  Rendering layout layouts/application.html.erb
  Rendering artworks/new.html.erb within layouts/application
  Rendered artworks/_form.html.erb (Duration: 3.1ms | Allocations: 1241)
  Rendered artworks/new.html.erb within layouts/application (Duration: 3.6ms | Allocations: 1320)
  Rendered layout layouts/application.html.erb (Duration: 6.3ms | Allocations: 3046)
Completed 200 OK in 8ms (Views: 7.4ms | ActiveRecord: 0.0ms | Allocations: 3307)


Started GET "/children/new" for 127.0.0.1 at 2024-02-22 15:34:07 +0100
Processing by ChildrenController#new as HTML
  Rendering layout layouts/application.html.erb
  Rendering children/new.html.erb within layouts/application
  Rendered children/_form.html.erb (Duration: 10.9ms | Allocations: 1413)
  Rendered children/new.html.erb within layouts/application (Duration: 11.5ms | Allocations: 1492)
  Rendered layout layouts/application.html.erb (Duration: 15.3ms | Allocations: 3238)
Completed 200 OK in 17ms (Views: 16.0ms | ActiveRecord: 0.0ms | Allocations: 3501)


Started GET "/children" for 127.0.0.1 at 2024-02-22 15:34:08 +0100
Processing by ChildrenController#index as HTML
  Rendering layout layouts/application.html.erb
  Rendering children/index.html.erb within layouts/application
  [1m[36mChild Load (0.3ms)[0m  [1m[34mSELECT "children".* FROM "children"[0m
  ↳ app/views/children/index.html.erb:5
  Rendered children/_child.html.erb (Duration: 0.2ms | Allocations: 39)
  Rendered children/index.html.erb within layouts/application (Duration: 2.4ms | Allocations: 806)
  Rendered layout layouts/application.html.erb (Duration: 4.9ms | Allocations: 2541)
Completed 200 OK in 6ms (Views: 5.1ms | ActiveRecord: 0.3ms | Allocations: 2793)


Started GET "/children" for 127.0.0.1 at 2024-02-22 15:35:12 +0100
Processing by ChildrenController#index as HTML
  Rendering layout layouts/application.html.erb
  Rendering children/index.html.erb within layouts/application
  [1m[36mChild Load (29.4ms)[0m  [1m[34mSELECT "children".* FROM "children"[0m
  ↳ app/views/children/index.html.erb:5
  Rendered children/_child.html.erb (Duration: 2.6ms | Allocations: 39)
  Rendered children/index.html.erb within layouts/application (Duration: 43.4ms | Allocations: 799)
  Rendered layout layouts/application.html.erb (Duration: 56.0ms | Allocations: 2526)
Completed 200 OK in 58ms (Views: 27.6ms | ActiveRecord: 29.3ms | Allocations: 2777)


Started GET "/children" for 127.0.0.1 at 2024-02-22 15:38:03 +0100
  [1m[36mActiveRecord::SchemaMigration Load (0.8ms)[0m  [1m[34mSELECT "schema_migrations"."version" FROM "schema_migrations" ORDER BY "schema_migrations"."version" ASC[0m
Processing by ChildrenController#index as HTML
  Rendering layout layouts/application.html.erb
  Rendering children/index.html.erb within layouts/application
  [1m[36mChild Load (0.6ms)[0m  [1m[34mSELECT "children".* FROM "children"[0m
  ↳ app/views/children/index.html.erb:5
  Rendered children/_child.html.erb (Duration: 1.1ms | Allocations: 389)
  Rendered children/index.html.erb within layouts/application (Duration: 58.2ms | Allocations: 18886)
  Rendered layout layouts/application.html.erb (Duration: 1720.4ms | Allocations: 122322)
Completed 200 OK in 1753ms (Views: 1718.1ms | ActiveRecord: 9.4ms | Allocations: 132077)


Started GET "/children/new" for 127.0.0.1 at 2024-02-22 15:38:08 +0100
Processing by ChildrenController#new as HTML
  Rendering layout layouts/application.html.erb
  Rendering children/new.html.erb within layouts/application
  Rendered children/_form.html.erb (Duration: 8.2ms | Allocations: 3090)
  Rendered children/new.html.erb within layouts/application (Duration: 9.6ms | Allocations: 3385)
  Rendered layout layouts/application.html.erb (Duration: 11.8ms | Allocations: 5127)
Completed 200 OK in 13ms (Views: 12.3ms | ActiveRecord: 0.0ms | Allocations: 5501)


Started GET "/children" for 127.0.0.1 at 2024-02-22 15:38:10 +0100
Processing by ChildrenController#index as HTML
  Rendering layout layouts/application.html.erb
  Rendering children/index.html.erb within layouts/application
  [1m[36mChild Load (10.6ms)[0m  [1m[34mSELECT "children".* FROM "children"[0m
  ↳ app/views/children/index.html.erb:5
  Rendered children/_child.html.erb (Duration: 0.2ms | Allocations: 39)
  Rendered children/index.html.erb within layouts/application (Duration: 13.1ms | Allocations: 809)
  Rendered layout layouts/application.html.erb (Duration: 31.3ms | Allocations: 2553)
Completed 200 OK in 33ms (Views: 21.3ms | ActiveRecord: 10.6ms | Allocations: 2818)


Started GET "/children/1" for 127.0.0.1 at 2024-02-22 15:38:13 +0100
Processing by ChildrenController#show as HTML
  Parameters: {"id"=>"1"}
  [1m[36mChild Load (0.3ms)[0m  [1m[34mSELECT "children".* FROM "children" WHERE "children"."id" = $1 LIMIT $2[0m  [["id", 1], ["LIMIT", 1]]
  ↳ app/controllers/children_controller.rb:63:in `set_child'
  Rendering layout layouts/application.html.erb
  Rendering children/show.html.erb within layouts/application
  Rendered children/_child.html.erb (Duration: 0.2ms | Allocations: 39)
  Rendered children/show.html.erb within layouts/application (Duration: 1.9ms | Allocations: 646)
  Rendered layout layouts/application.html.erb (Duration: 4.2ms | Allocations: 2388)
Completed 200 OK in 28ms (Views: 4.9ms | ActiveRecord: 0.5ms | Allocations: 5058)


Started GET "/children/1" for 127.0.0.1 at 2024-02-22 15:40:22 +0100
Processing by ChildrenController#show as HTML
  Parameters: {"id"=>"1"}
  [1m[36mChild Load (9.7ms)[0m  [1m[34mSELECT "children".* FROM "children" WHERE "children"."id" = $1 LIMIT $2[0m  [["id", 1], ["LIMIT", 1]]
  ↳ app/controllers/children_controller.rb:63:in `set_child'
  Rendering layout layouts/application.html.erb
  Rendering children/show.html.erb within layouts/application
  Rendered children/_child.html.erb (Duration: 11.1ms | Allocations: 39)
  Rendered children/show.html.erb within layouts/application (Duration: 41.1ms | Allocations: 486)
  Rendered layout layouts/application.html.erb (Duration: 87.8ms | Allocations: 2225)
Completed 200 OK in 146ms (Views: 94.7ms | ActiveRecord: 10.3ms | Allocations: 2916)


Started GET "/children/1/edit" for 127.0.0.1 at 2024-02-22 15:40:24 +0100
Processing by ChildrenController#edit as HTML
  Parameters: {"id"=>"1"}
  [1m[36mChild Load (0.3ms)[0m  [1m[34mSELECT "children".* FROM "children" WHERE "children"."id" = $1 LIMIT $2[0m  [["id", 1], ["LIMIT", 1]]
  ↳ app/controllers/children_controller.rb:63:in `set_child'
  Rendering layout layouts/application.html.erb
  Rendering children/edit.html.erb within layouts/application
  Rendered children/_form.html.erb (Duration: 17.9ms | Allocations: 1504)
  Rendered children/edit.html.erb within layouts/application (Duration: 23.3ms | Allocations: 1755)
  Rendered layout layouts/application.html.erb (Duration: 26.8ms | Allocations: 3493)
Completed 200 OK in 31ms (Views: 27.6ms | ActiveRecord: 0.3ms | Allocations: 4245)


Started GET "/children" for 127.0.0.1 at 2024-02-22 15:40:25 +0100
Processing by ChildrenController#index as HTML
  Rendering layout layouts/application.html.erb
  Rendering children/index.html.erb within layouts/application
  [1m[36mChild Load (1.7ms)[0m  [1m[34mSELECT "children".* FROM "children"[0m
  ↳ app/views/children/index.html.erb:5
  Rendered children/_child.html.erb (Duration: 0.2ms | Allocations: 39)
  Rendered children/index.html.erb within layouts/application (Duration: 5.2ms | Allocations: 809)
  Rendered layout layouts/application.html.erb (Duration: 7.7ms | Allocations: 2553)
Completed 200 OK in 9ms (Views: 6.5ms | ActiveRecord: 1.6ms | Allocations: 2811)


Started GET "/children" for 127.0.0.1 at 2024-02-22 15:42:50 +0100
Processing by ChildrenController#index as HTML
  Rendering layout layouts/application.html.erb
  Rendering children/index.html.erb within layouts/application
  [1m[36mChild Load (0.7ms)[0m  [1m[34mSELECT "children".* FROM "children"[0m
  ↳ app/views/children/index.html.erb:5
  Rendered children/_child.html.erb (Duration: 2.2ms | Allocations: 307)
  Rendered children/index.html.erb within layouts/application (Duration: 97.5ms | Allocations: 5174)
  Rendered layout layouts/application.html.erb (Duration: 136.8ms | Allocations: 20641)
Completed 200 OK in 151ms (Views: 132.9ms | ActiveRecord: 9.2ms | Allocations: 22276)


Started GET "/children" for 127.0.0.1 at 2024-02-22 15:42:55 +0100
Processing by ChildrenController#index as HTML
  Rendering layout layouts/application.html.erb
  Rendering children/index.html.erb within layouts/application
  [1m[36mChild Load (0.7ms)[0m  [1m[34mSELECT "children".* FROM "children"[0m
  ↳ app/views/children/index.html.erb:5
  Rendered children/_child.html.erb (Duration: 1.0ms | Allocations: 305)
  Rendered children/index.html.erb within layouts/application (Duration: 15.5ms | Allocations: 5112)
  Rendered layout layouts/application.html.erb (Duration: 40.7ms | Allocations: 20597)
Completed 200 OK in 46ms (Views: 39.1ms | ActiveRecord: 3.9ms | Allocations: 22232)


Started GET "/children" for 127.0.0.1 at 2024-02-22 15:43:21 +0100
  [1m[36mActiveRecord::SchemaMigration Load (1.0ms)[0m  [1m[34mSELECT "schema_migrations"."version" FROM "schema_migrations" ORDER BY "schema_migrations"."version" ASC[0m
Processing by ChildrenController#index as HTML
  Rendering layout layouts/application.html.erb
  Rendering children/index.html.erb within layouts/application
  [1m[36mChild Load (0.5ms)[0m  [1m[34mSELECT "children".* FROM "children"[0m
  ↳ app/views/children/index.html.erb:5
  Rendered children/_child.html.erb (Duration: 1.0ms | Allocations: 389)
  Rendered children/index.html.erb within layouts/application (Duration: 50.9ms | Allocations: 18891)
  Rendered layout layouts/application.html.erb (Duration: 117.5ms | Allocations: 53281)
Completed 200 OK in 150ms (Views: 113.9ms | ActiveRecord: 9.7ms | Allocations: 63038)


Started GET "/" for 127.0.0.1 at 2024-02-22 15:43:37 +0100
Processing by ArtworksController#index as HTML
  Rendering layout layouts/application.html.erb
  Rendering artworks/index.html.erb within layouts/application
  [1m[36mArtwork Load (0.8ms)[0m  [1m[34mSELECT "artworks".* FROM "artworks"[0m
  ↳ app/views/artworks/index.html.erb:155
  Rendered artworks/index.html.erb within layouts/application (Duration: 21.6ms | Allocations: 928)
  Rendered layout layouts/application.html.erb (Duration: 24.7ms | Allocations: 2880)
Completed 200 OK in 28ms (Views: 24.6ms | ActiveRecord: 0.8ms | Allocations: 3956)


Started GET "/children/new" for 127.0.0.1 at 2024-02-22 15:44:06 +0100
Processing by ChildrenController#new as HTML
  Rendering layout layouts/application.html.erb
  Rendering children/new.html.erb within layouts/application
  Rendered children/_form.html.erb (Duration: 63.9ms | Allocations: 19212)
  Rendered children/new.html.erb within layouts/application (Duration: 65.5ms | Allocations: 19505)
  Rendered layout layouts/application.html.erb (Duration: 73.0ms | Allocations: 21273)
Completed 200 OK in 75ms (Views: 74.1ms | ActiveRecord: 0.0ms | Allocations: 21647)


Started GET "/" for 127.0.0.1 at 2024-02-22 15:44:45 +0100
Processing by ArtworksController#index as HTML
  Rendering layout layouts/application.html.erb
  Rendering artworks/index.html.erb within layouts/application
  [1m[36mArtwork Load (0.5ms)[0m  [1m[34mSELECT "artworks".* FROM "artworks"[0m
  ↳ app/views/artworks/index.html.erb:155
  Rendered artworks/index.html.erb within layouts/application (Duration: 3.4ms | Allocations: 902)
  Rendered layout layouts/application.html.erb (Duration: 22.4ms | Allocations: 5382)
Completed 500 Internal Server Error in 29ms (ActiveRecord: 0.5ms | Allocations: 7119)


  
ActionView::Template::Error (The asset "applicatio.css" is not present in the asset pipeline.
):
     7:     <%= csp_meta_tag %>
     8: 
     9:     <%= stylesheet_link_tag "styleChild", "data-turbo-track": "reload" %>
    10:     <%= stylesheet_link_tag "applicatio", "data-turbo-track": "reload" %>
    11:     <%= javascript_importmap_tags %>
    12:   </head>
    13: 
  
app/views/layouts/application.html.erb:10
Started GET "/" for 127.0.0.1 at 2024-02-22 15:44:51 +0100
Processing by ArtworksController#index as HTML
  Rendering layout layouts/application.html.erb
  Rendering artworks/index.html.erb within layouts/application
  [1m[36mArtwork Load (1.5ms)[0m  [1m[34mSELECT "artworks".* FROM "artworks"[0m
  ↳ app/views/artworks/index.html.erb:155
  Rendered artworks/index.html.erb within layouts/application (Duration: 5.0ms | Allocations: 899)
  Rendered layout layouts/application.html.erb (Duration: 47.6ms | Allocations: 16693)
Completed 200 OK in 56ms (Views: 50.0ms | ActiveRecord: 1.5ms | Allocations: 18429)


Started GET "/artworks/new" for 127.0.0.1 at 2024-02-22 15:47:10 +0100
Processing by ArtworksController#new as HTML
  Rendering layout layouts/application.html.erb
  Rendering artworks/new.html.erb within layouts/application
  Rendered artworks/_form.html.erb (Duration: 6.5ms | Allocations: 2239)
  Rendered artworks/new.html.erb within layouts/application (Duration: 7.5ms | Allocations: 2534)
  Rendered layout layouts/application.html.erb (Duration: 30.3ms | Allocations: 17970)
Completed 200 OK in 68ms (Views: 32.0ms | ActiveRecord: 5.1ms | Allocations: 27117)


Started GET "/" for 127.0.0.1 at 2024-02-22 15:47:10 +0100
Processing by ArtworksController#index as HTML
  Rendering layout layouts/application.html.erb
  Rendering artworks/index.html.erb within layouts/application
  [1m[36mArtwork Load (0.5ms)[0m  [1m[34mSELECT "artworks".* FROM "artworks"[0m
  ↳ app/views/artworks/index.html.erb:155
  Rendered artworks/index.html.erb within layouts/application (Duration: 2.5ms | Allocations: 868)
  Rendered layout layouts/application.html.erb (Duration: 5.7ms | Allocations: 2779)
Completed 200 OK in 7ms (Views: 5.8ms | ActiveRecord: 0.4ms | Allocations: 3171)


Started GET "/artworks/new" for 127.0.0.1 at 2024-02-22 15:47:10 +0100
Processing by ArtworksController#new as HTML
  Rendering layout layouts/application.html.erb
  Rendering artworks/new.html.erb within layouts/application
  Rendered artworks/_form.html.erb (Duration: 2.5ms | Allocations: 1247)
  Rendered artworks/new.html.erb within layouts/application (Duration: 2.9ms | Allocations: 1326)
  Rendered layout layouts/application.html.erb (Duration: 6.8ms | Allocations: 3072)
Completed 200 OK in 8ms (Views: 7.6ms | ActiveRecord: 0.0ms | Allocations: 3339)


Started GET "/artworks/new" for 127.0.0.1 at 2024-02-22 15:47:11 +0100
Processing by ArtworksController#new as HTML
  Rendering layout layouts/application.html.erb
  Rendering artworks/new.html.erb within layouts/application
  Rendered artworks/_form.html.erb (Duration: 2.6ms | Allocations: 1247)
  Rendered artworks/new.html.erb within layouts/application (Duration: 3.1ms | Allocations: 1326)
  Rendered layout layouts/application.html.erb (Duration: 8.0ms | Allocations: 3068)
Completed 200 OK in 10ms (Views: 9.1ms | ActiveRecord: 0.0ms | Allocations: 3335)


Started GET "/children/new" for 127.0.0.1 at 2024-02-22 15:47:12 +0100
Processing by ChildrenController#new as HTML
  Rendering layout layouts/application.html.erb
  Rendering children/new.html.erb within layouts/application
  Rendered children/_form.html.erb (Duration: 5.2ms | Allocations: 1972)
  Rendered children/new.html.erb within layouts/application (Duration: 6.8ms | Allocations: 2249)
  Rendered layout layouts/application.html.erb (Duration: 10.9ms | Allocations: 3995)
Completed 200 OK in 27ms (Views: 12.0ms | ActiveRecord: 3.7ms | Allocations: 8443)


Started GET "/children/new" for 127.0.0.1 at 2024-02-22 15:47:12 +0100
Processing by ChildrenController#new as HTML
  Rendering layout layouts/application.html.erb
  Rendering children/new.html.erb within layouts/application
  Rendered children/_form.html.erb (Duration: 1.9ms | Allocations: 1410)
  Rendered children/new.html.erb within layouts/application (Duration: 2.2ms | Allocations: 1489)
  Rendered layout layouts/application.html.erb (Duration: 4.8ms | Allocations: 3231)
Completed 200 OK in 6ms (Views: 5.3ms | ActiveRecord: 0.0ms | Allocations: 3505)


Started GET "/children" for 127.0.0.1 at 2024-02-22 15:47:13 +0100
Processing by ChildrenController#index as HTML
  Rendering layout layouts/application.html.erb
  Rendering children/index.html.erb within layouts/application
  [1m[36mChild Load (0.4ms)[0m  [1m[34mSELECT "children".* FROM "children"[0m
  ↳ app/views/children/index.html.erb:11
  Rendered children/_child.html.erb (Duration: 1.0ms | Allocations: 290)
  Rendered children/index.html.erb within layouts/application (Duration: 11.1ms | Allocations: 1480)
  Rendered layout layouts/application.html.erb (Duration: 13.4ms | Allocations: 3249)
Completed 200 OK in 15ms (Views: 13.6ms | ActiveRecord: 0.3ms | Allocations: 3642)


Started GET "/children/1" for 127.0.0.1 at 2024-02-22 15:47:24 +0100
Processing by ChildrenController#show as HTML
  Parameters: {"id"=>"1"}
  [1m[36mChild Load (0.5ms)[0m  [1m[34mSELECT "children".* FROM "children" WHERE "children"."id" = $1 LIMIT $2[0m  [["id", 1], ["LIMIT", 1]]
  ↳ app/controllers/children_controller.rb:63:in `set_child'
  Rendering layout layouts/application.html.erb
  Rendering children/show.html.erb within layouts/application
  Rendered children/_child.html.erb (Duration: 0.3ms | Allocations: 39)
  Rendered children/show.html.erb within layouts/application (Duration: 3.1ms | Allocations: 651)
  Rendered layout layouts/application.html.erb (Duration: 10.6ms | Allocations: 2396)
Completed 200 OK in 29ms (Views: 11.8ms | ActiveRecord: 0.8ms | Allocations: 5054)


Started GET "/children" for 127.0.0.1 at 2024-02-22 15:47:27 +0100
Processing by ChildrenController#index as HTML
  Rendering layout layouts/application.html.erb
  Rendering children/index.html.erb within layouts/application
  [1m[36mChild Load (0.5ms)[0m  [1m[34mSELECT "children".* FROM "children"[0m
  ↳ app/views/children/index.html.erb:11
  Rendered children/_child.html.erb (Duration: 0.1ms | Allocations: 39)
  Rendered children/index.html.erb within layouts/application (Duration: 2.9ms | Allocations: 785)
  Rendered layout layouts/application.html.erb (Duration: 5.8ms | Allocations: 2532)
Completed 200 OK in 7ms (Views: 5.9ms | ActiveRecord: 0.5ms | Allocations: 2790)


Started GET "/children" for 127.0.0.1 at 2024-02-22 15:47:29 +0100
Processing by ChildrenController#index as HTML
  Rendering layout layouts/application.html.erb
  Rendering children/index.html.erb within layouts/application
  [1m[36mChild Load (0.4ms)[0m  [1m[34mSELECT "children".* FROM "children"[0m
  ↳ app/views/children/index.html.erb:11
  Rendered children/_child.html.erb (Duration: 0.1ms | Allocations: 39)
  Rendered children/index.html.erb within layouts/application (Duration: 2.5ms | Allocations: 797)
  Rendered layout layouts/application.html.erb (Duration: 5.3ms | Allocations: 2541)
Completed 200 OK in 6ms (Views: 5.5ms | ActiveRecord: 0.4ms | Allocations: 2799)


Started GET "/children" for 127.0.0.1 at 2024-02-22 15:48:35 +0100
  [1m[36mActiveRecord::SchemaMigration Load (1.0ms)[0m  [1m[34mSELECT "schema_migrations"."version" FROM "schema_migrations" ORDER BY "schema_migrations"."version" ASC[0m
Processing by ChildrenController#index as HTML
  Rendering layout layouts/application.html.erb
  Rendering children/index.html.erb within layouts/application
  [1m[36mChild Load (0.6ms)[0m  [1m[34mSELECT "children".* FROM "children"[0m
  ↳ app/views/children/index.html.erb:10
  Rendered children/_child.html.erb (Duration: 1.0ms | Allocations: 389)
  Rendered children/index.html.erb within layouts/application (Duration: 75.2ms | Allocations: 18903)
  Rendered layout layouts/application.html.erb (Duration: 157.5ms | Allocations: 53270)
Completed 200 OK in 220ms (Views: 151.9ms | ActiveRecord: 11.7ms | Allocations: 63026)


Started GET "/children" for 127.0.0.1 at 2024-02-22 15:48:41 +0100
Processing by ChildrenController#index as HTML
  Rendering layout layouts/application.html.erb
  Rendering children/index.html.erb within layouts/application
  [1m[36mChild Load (0.9ms)[0m  [1m[34mSELECT "children".* FROM "children"[0m
  ↳ app/views/children/index.html.erb:11
  Rendered children/_child.html.erb (Duration: 1.2ms | Allocations: 307)
  Rendered children/index.html.erb within layouts/application (Duration: 21.0ms | Allocations: 5159)
  Rendered layout layouts/application.html.erb (Duration: 40.0ms | Allocations: 20735)
Completed 200 OK in 54ms (Views: 40.2ms | ActiveRecord: 4.1ms | Allocations: 22372)


Started GET "/children/new" for 127.0.0.1 at 2024-02-22 15:49:10 +0100
Processing by ChildrenController#new as HTML
  Rendering layout layouts/application.html.erb
  Rendering children/new.html.erb within layouts/application
  Rendered children/_form.html.erb (Duration: 36.8ms | Allocations: 19197)
  Rendered children/new.html.erb within layouts/application (Duration: 38.4ms | Allocations: 19488)
  Rendered layout layouts/application.html.erb (Duration: 42.4ms | Allocations: 21230)
Completed 200 OK in 45ms (Views: 43.6ms | ActiveRecord: 0.0ms | Allocations: 21604)


